2021-04-21 01:48:16.907 [main] DEBUG game.Game.start(Game.java:35) - Game start
2021-04-21 01:48:21.156 [main] DEBUG commands.CommandsParser.readCommand(CommandsParser.java:28) - Parsing command string
2021-04-21 01:48:21.156 [main] DEBUG commands.CommandsParser.readCommand(CommandsParser.java:41) - Trying to get command instance
2021-04-21 01:48:21.159 [main] DEBUG commands.CommandsParser.readCommand(CommandsParser.java:43) - Executing command
2021-04-21 01:48:21.164 [main] DEBUG commands.Init.execute(Init.java:21) - Initializing game with [Field size 12x12] [Robot coords (3, 3)]
2021-04-21 01:48:23.901 [main] DEBUG commands.CommandsParser.readCommand(CommandsParser.java:28) - Parsing command string
2021-04-21 01:48:23.901 [main] DEBUG commands.CommandsParser.readCommand(CommandsParser.java:41) - Trying to get command instance
2021-04-21 01:48:23.902 [main] DEBUG commands.CommandsParser.readCommand(CommandsParser.java:43) - Executing command
2021-04-21 01:48:23.905 [main] DEBUG commands.Move.execute(Move.java:27) - Moving robot to [0, -1] with step [1], drawing - [false]
2021-04-21 01:48:26.315 [main] DEBUG commands.CommandsParser.readCommand(CommandsParser.java:28) - Parsing command string
2021-04-21 01:48:26.316 [main] DEBUG commands.CommandsParser.readCommand(CommandsParser.java:41) - Trying to get command instance
2021-04-21 01:48:26.316 [main] DEBUG commands.CommandsParser.readCommand(CommandsParser.java:43) - Executing command
2021-04-21 01:48:26.318 [main] DEBUG commands.Move.execute(Move.java:27) - Moving robot to [0, 1] with step [4], drawing - [false]
2021-04-21 01:48:28.592 [main] DEBUG commands.CommandsParser.readCommand(CommandsParser.java:28) - Parsing command string
2021-04-21 01:48:28.593 [main] DEBUG commands.CommandsParser.readCommand(CommandsParser.java:41) - Trying to get command instance
2021-04-21 01:48:28.594 [main] DEBUG commands.CommandsParser.readCommand(CommandsParser.java:43) - Executing command
2021-04-21 01:48:28.600 [main] DEBUG commands.Move.execute(Move.java:27) - Moving robot to [1, 0] with step [5], drawing - [false]
2021-04-21 01:48:30.319 [main] DEBUG commands.CommandsParser.readCommand(CommandsParser.java:28) - Parsing command string
2021-04-21 01:48:30.320 [main] DEBUG commands.CommandsParser.readCommand(CommandsParser.java:41) - Trying to get command instance
2021-04-21 01:48:30.321 [main] DEBUG commands.CommandsParser.readCommand(CommandsParser.java:43) - Executing command
2021-04-21 01:48:30.322 [main] DEBUG commands.Draw.execute(Draw.java:17) - Settings drawing mode to [true]
2021-04-21 01:48:32.668 [main] DEBUG commands.CommandsParser.readCommand(CommandsParser.java:28) - Parsing command string
2021-04-21 01:48:32.669 [main] DEBUG commands.CommandsParser.readCommand(CommandsParser.java:41) - Trying to get command instance
2021-04-21 01:48:32.669 [main] DEBUG commands.CommandsParser.readCommand(CommandsParser.java:43) - Executing command
2021-04-21 01:48:32.670 [main] DEBUG commands.Move.execute(Move.java:27) - Moving robot to [0, -1] with step [2], drawing - [true]
2021-04-21 01:48:35.917 [main] DEBUG commands.CommandsParser.readCommand(CommandsParser.java:28) - Parsing command string
2021-04-21 01:48:35.917 [main] DEBUG commands.CommandsParser.readCommand(CommandsParser.java:41) - Trying to get command instance
2021-04-21 01:48:35.918 [main] DEBUG commands.CommandsParser.readCommand(CommandsParser.java:43) - Executing command
2021-04-21 01:48:35.918 [main] DEBUG commands.Ward.execute(Ward.java:17) - Settings drawing mode to [false]
2021-04-21 01:48:39.627 [main] DEBUG commands.CommandsParser.readCommand(CommandsParser.java:28) - Parsing command string
2021-04-21 01:48:39.628 [main] DEBUG commands.CommandsParser.readCommand(CommandsParser.java:41) - Trying to get command instance
2021-04-21 01:48:39.628 [main] DEBUG commands.CommandsParser.readCommand(CommandsParser.java:43) - Executing command
2021-04-21 01:48:39.630 [main] DEBUG commands.Move.execute(Move.java:27) - Moving robot to [-1, 0] with step [1], drawing - [false]
2021-04-21 01:48:46.647 [main] DEBUG commands.CommandsParser.readCommand(CommandsParser.java:28) - Parsing command string
2021-04-21 01:48:46.648 [main] DEBUG commands.CommandsParser.readCommand(CommandsParser.java:41) - Trying to get command instance
2021-04-21 01:48:46.649 [main] DEBUG commands.CommandsParser.readCommand(CommandsParser.java:43) - Executing command
2021-04-21 01:48:46.650 [main] DEBUG commands.Move.execute(Move.java:27) - Moving robot to [0, 1] with step [150], drawing - [false]
2021-04-21 01:48:49.547 [main] DEBUG commands.CommandsParser.readCommand(CommandsParser.java:28) - Parsing command string
2021-04-21 01:48:49.547 [main] DEBUG commands.CommandsParser.readCommand(CommandsParser.java:41) - Trying to get command instance
2021-04-21 01:48:49.548 [main] DEBUG commands.CommandsParser.readCommand(CommandsParser.java:43) - Executing command
2021-04-21 01:48:49.549 [main] DEBUG commands.Move.execute(Move.java:27) - Moving robot to [0, -1] with step [1], drawing - [false]
2021-04-21 01:48:59.141 [main] DEBUG commands.CommandsParser.readCommand(CommandsParser.java:28) - Parsing command string
2021-04-21 01:48:59.142 [main] DEBUG commands.CommandsParser.readCommand(CommandsParser.java:41) - Trying to get command instance
2021-04-21 01:48:59.144 [main] DEBUG commands.CommandsParser.readCommand(CommandsParser.java:43) - Executing command
2021-04-21 01:48:59.145 [main] DEBUG commands.Teleport.execute(Teleport.java:23) - Teleporting robot to [0, 8]
2021-04-21 01:49:02.677 [main] DEBUG commands.CommandsParser.readCommand(CommandsParser.java:28) - Parsing command string
2021-04-21 01:49:02.677 [main] DEBUG commands.CommandsParser.readCommand(CommandsParser.java:41) - Trying to get command instance
2021-04-21 01:49:02.678 [main] DEBUG commands.CommandsParser.readCommand(CommandsParser.java:43) - Executing command
2021-04-21 01:49:02.678 [main] DEBUG commands.Move.execute(Move.java:27) - Moving robot to [1, 0] with step [1], drawing - [false]
2021-04-21 01:49:04.269 [main] DEBUG commands.CommandsParser.readCommand(CommandsParser.java:28) - Parsing command string
2021-04-21 01:49:04.269 [main] DEBUG commands.CommandsParser.readCommand(CommandsParser.java:41) - Trying to get command instance
2021-04-21 01:49:04.271 [main] DEBUG commands.CommandsParser.readCommand(CommandsParser.java:43) - Executing command
2021-04-21 01:49:04.271 [main] DEBUG commands.Exit.execute(Exit.java:12) - Exiting...
2021-04-21 01:49:04.277 [main] DEBUG game.Game.start(Game.java:45) - Game end
